<?xml version="1.0" encoding="utf-8"?><testsuites name="pytest tests"><testsuite name="pytest" errors="0" failures="0" skipped="0" tests="64" time="15.562" timestamp="2026-07-20T19:17:16.218673-07:00" hostname="DESKTOP-579PNVE"><testcase classname="tests.infrastructure.aws.test_compute" name="test_lambda_configuration_matches_contract[opensky_poller_lambda_name]" time="6.303" /><testcase classname="tests.infrastructure.aws.test_compute" name="test_lambda_configuration_matches_contract[aircraft_raw_processor_lambda_name]" time="0.191" /><testcase classname="tests.infrastructure.aws.test_compute" name="test_lambda_configuration_matches_contract[aircraft_current_state_writer_lambda_name]" time="0.114" /><testcase classname="tests.infrastructure.aws.test_compute" name="test_lambda_configuration_matches_contract[sigmet_poller_function_name]" time="0.119" /><testcase classname="tests.infrastructure.aws.test_compute" name="test_lambda_configuration_matches_contract[sigmet_processor_lambda_name]" time="0.109" /><testcase classname="tests.infrastructure.aws.test_compute" name="test_lambda_configuration_matches_contract[metar_poller_function_name]" time="0.110" /><testcase classname="tests.infrastructure.aws.test_compute" name="test_lambda_configuration_matches_contract[metar_processor_lambda_name]" time="0.111" /><testcase classname="tests.infrastructure.aws.test_compute" name="test_lambda_configuration_matches_contract[taf_poller_function_name]" time="0.115" /><testcase classname="tests.infrastructure.aws.test_compute" name="test_lambda_configuration_matches_contract[taf_processor_lambda_name]" time="0.101" /><testcase classname="tests.infrastructure.aws.test_compute" name="test_event_consumer_has_enabled_mapping[aircraft_raw_processor_lambda_name]" time="0.087" /><testcase classname="tests.infrastructure.aws.test_compute" name="test_event_consumer_has_enabled_mapping[aircraft_current_state_writer_lambda_name]" time="0.078" /><testcase classname="tests.infrastructure.aws.test_compute" name="test_event_consumer_has_enabled_mapping[sigmet_processor_lambda_name]" time="0.084" /><testcase classname="tests.infrastructure.aws.test_compute" name="test_event_consumer_has_enabled_mapping[metar_processor_lambda_name]" time="0.073" /><testcase classname="tests.infrastructure.aws.test_compute" name="test_event_consumer_has_enabled_mapping[taf_processor_lambda_name]" time="0.073" /><testcase classname="tests.infrastructure.aws.test_compute" name="test_lambda_execution_role_exists[opensky_poller_lambda_name]" time="0.692" /><testcase classname="tests.infrastructure.aws.test_compute" name="test_lambda_execution_role_exists[aircraft_raw_processor_lambda_name]" time="0.235" /><testcase classname="tests.infrastructure.aws.test_compute" name="test_lambda_execution_role_exists[aircraft_current_state_writer_lambda_name]" time="0.235" /><testcase classname="tests.infrastructure.aws.test_compute" name="test_lambda_execution_role_exists[sigmet_poller_function_name]" time="0.229" /><testcase classname="tests.infrastructure.aws.test_compute" name="test_lambda_execution_role_exists[sigmet_processor_lambda_name]" time="0.222" /><testcase classname="tests.infrastructure.aws.test_compute" name="test_lambda_execution_role_exists[metar_poller_function_name]" time="0.220" /><testcase classname="tests.infrastructure.aws.test_compute" name="test_lambda_execution_role_exists[metar_processor_lambda_name]" time="0.288" /><testcase classname="tests.infrastructure.aws.test_compute" name="test_lambda_execution_role_exists[taf_poller_function_name]" time="0.287" /><testcase classname="tests.infrastructure.aws.test_compute" name="test_lambda_execution_role_exists[taf_processor_lambda_name]" time="0.247" /><testcase classname="tests.infrastructure.aws.test_data_services" name="test_kinesis_stream_is_active[aircraft_raw_stream_name]" time="0.207" /><testcase classname="tests.infrastructure.aws.test_data_services" name="test_kinesis_stream_is_active[aircraft_clean_stream_name]" time="0.033" /><testcase classname="tests.infrastructure.aws.test_data_services" name="test_kinesis_stream_is_active[sigmet_raw_stream_name]" time="0.034" /><testcase classname="tests.infrastructure.aws.test_data_services" name="test_kinesis_stream_is_active[metar_raw_stream_name]" time="0.039" /><testcase classname="tests.infrastructure.aws.test_data_services" name="test_kinesis_stream_is_active[taf_raw_stream_name]" time="0.030" /><testcase classname="tests.infrastructure.aws.test_data_services" name="test_dynamodb_table_is_active[aircraft_current_state_table_name]" time="0.245" /><testcase classname="tests.infrastructure.aws.test_data_services" name="test_dynamodb_table_is_active[active_hazards_table_name]" time="0.042" /><testcase classname="tests.infrastructure.aws.test_data_services" name="test_dynamodb_table_is_active[hazard_cells_table_name]" time="0.038" /><testcase classname="tests.infrastructure.aws.test_data_services" name="test_dynamodb_table_is_active[metar_latest_table_name]" time="0.036" /><testcase classname="tests.infrastructure.aws.test_data_services" name="test_dynamodb_table_is_active[taf_latest_table_name]" time="0.030" /><testcase classname="tests.infrastructure.aws.test_data_services" name="test_archive_bucket_exists_and_blocks_public_access[aircraft_archive_bucket_name]" time="0.324" /><testcase classname="tests.infrastructure.aws.test_data_services" name="test_archive_bucket_exists_and_blocks_public_access[sigmet_archive_bucket_name]" time="0.223" /><testcase classname="tests.infrastructure.aws.test_data_services" name="test_archive_bucket_exists_and_blocks_public_access[metar_archive_bucket_name]" time="0.235" /><testcase classname="tests.infrastructure.aws.test_data_services" name="test_archive_bucket_exists_and_blocks_public_access[taf_archive_bucket_name]" time="0.218" /><testcase classname="tests.infrastructure.aws.test_data_services" name="test_archive_bucket_has_server_side_encryption[aircraft_archive_bucket_name]" time="0.038" /><testcase classname="tests.infrastructure.aws.test_data_services" name="test_archive_bucket_has_server_side_encryption[sigmet_archive_bucket_name]" time="0.042" /><testcase classname="tests.infrastructure.aws.test_data_services" name="test_archive_bucket_has_server_side_encryption[metar_archive_bucket_name]" time="0.042" /><testcase classname="tests.infrastructure.aws.test_data_services" name="test_archive_bucket_has_server_side_encryption[taf_archive_bucket_name]" time="0.040" /><testcase classname="tests.infrastructure.aws.test_eventing_monitoring" name="test_development_poller_rule_is_disabled[opensky_poller_schedule_name-opensky_poller_schedule_state]" time="0.237" /><testcase classname="tests.infrastructure.aws.test_eventing_monitoring" name="test_development_poller_rule_is_disabled[sigmet_poller_schedule_name-sigmet_poller_schedule_state]" time="0.044" /><testcase classname="tests.infrastructure.aws.test_eventing_monitoring" name="test_development_poller_rule_is_disabled[metar_poller_schedule_name-metar_poller_schedule_state]" time="0.037" /><testcase classname="tests.infrastructure.aws.test_eventing_monitoring" name="test_development_poller_rule_is_disabled[taf_poller_schedule_name-taf_poller_schedule_state]" time="0.038" /><testcase classname="tests.infrastructure.aws.test_eventing_monitoring" name="test_cloudwatch_dashboard_exists_and_has_widgets[sigmet_dashboard_name]" time="0.513" /><testcase classname="tests.infrastructure.aws.test_eventing_monitoring" name="test_cloudwatch_dashboard_exists_and_has_widgets[metar_dashboard_name]" time="0.176" /><testcase classname="tests.infrastructure.aws.test_eventing_monitoring" name="test_cloudwatch_dashboard_exists_and_has_widgets[taf_dashboard_name]" time="0.226" /><testcase classname="tests.infrastructure.aws.test_eventing_monitoring" name="test_cloudwatch_dashboard_exists_and_has_widgets[weather_events_dashboard_name]" time="0.219" /><testcase classname="tests.infrastructure.aws.test_eventing_monitoring" name="test_weather_changed_log_group_exists" time="0.349" /><testcase classname="tests.infrastructure.aws.test_eventing_monitoring" name="test_lambda_log_group_exists[opensky_poller_lambda_name]" time="0.035" /><testcase classname="tests.infrastructure.aws.test_eventing_monitoring" name="test_lambda_log_group_exists[aircraft_raw_processor_lambda_name]" time="0.035" /><testcase classname="tests.infrastructure.aws.test_eventing_monitoring" name="test_lambda_log_group_exists[aircraft_current_state_writer_lambda_name]" time="0.034" /><testcase classname="tests.infrastructure.aws.test_eventing_monitoring" name="test_lambda_log_group_exists[sigmet_poller_function_name]" time="0.039" /><testcase classname="tests.infrastructure.aws.test_eventing_monitoring" name="test_lambda_log_group_exists[sigmet_processor_lambda_name]" time="0.034" /><testcase classname="tests.infrastructure.aws.test_eventing_monitoring" name="test_lambda_log_group_exists[metar_poller_function_name]" time="0.064" /><testcase classname="tests.infrastructure.aws.test_eventing_monitoring" name="test_lambda_log_group_exists[metar_processor_lambda_name]" time="0.032" /><testcase classname="tests.infrastructure.aws.test_eventing_monitoring" name="test_lambda_log_group_exists[taf_poller_function_name]" time="0.039" /><testcase classname="tests.infrastructure.aws.test_eventing_monitoring" name="test_lambda_log_group_exists[taf_processor_lambda_name]" time="0.030" /><testcase classname="tests.infrastructure.aws.test_eventing_monitoring" name="test_cloudwatch_alarms_exist_for_dev_stack" time="0.146" /><testcase classname="tests.infrastructure.aws.test_identity" name="test_tests_are_targeting_dev_environment" time="0.003" /><testcase classname="tests.infrastructure.aws.test_identity" name="test_terraform_region_matches_test_region" time="0.004" /><testcase classname="tests.infrastructure.aws.test_identity" name="test_authenticated_aws_identity_is_valid" time="0.286" /><testcase classname="tests.infrastructure.aws.test_secrets" name="test_opensky_secret_exists_without_reading_its_value" time="0.265" /></testsuite></testsuites>