<?xml version="1.0" encoding="utf-8"?><testsuites name="pytest tests"><testsuite name="pytest" errors="0" failures="0" skipped="2" tests="17" time="9.066" timestamp="2026-07-20T19:16:10.363611-07:00" hostname="DESKTOP-579PNVE"><testcase classname="tests.infrastructure.terraform.test_plan_safety" name="test_plan_contains_no_unapproved_destroy_actions" time="0.048"><skipped type="pytest.skip" message="No plan supplied. Pass -PlanFile to run plan-safety tests.">C:\Users\hamza\OneDrive\Desktop\InterviewPrepUSA\Summer Project\Wilvor\wilvor-infra\tests\infrastructure\terraform\test_plan_safety.py:38: No plan supplied. Pass -PlanFile to run plan-safety tests.</skipped></testcase><testcase classname="tests.infrastructure.terraform.test_plan_safety" name="test_plan_targets_only_dev_named_resources" time="0.001"><skipped type="pytest.skip" message="No plan supplied. Pass -PlanFile to run plan-safety tests.">C:\Users\hamza\OneDrive\Desktop\InterviewPrepUSA\Summer Project\Wilvor\wilvor-infra\tests\infrastructure\terraform\test_plan_safety.py:64: No plan supplied. Pass -PlanFile to run plan-safety tests.</skipped></testcase><testcase classname="tests.infrastructure.terraform.test_root_contract" name="test_expected_root_modules_are_declared" time="0.208" /><testcase classname="tests.infrastructure.terraform.test_root_contract" name="test_module_source_directories_exist" time="0.004" /><testcase classname="tests.infrastructure.terraform.test_root_contract" name="test_dev_poller_schedules_are_disabled[aircraft_foundation-enable_opensky_poller_schedule]" time="0.017" /><testcase classname="tests.infrastructure.terraform.test_root_contract" name="test_dev_poller_schedules_are_disabled[sigmet-enable_sigmet_poller_schedule]" time="0.002" /><testcase classname="tests.infrastructure.terraform.test_root_contract" name="test_dev_poller_schedules_are_disabled[metar-enable_metar_poller_schedule]" time="0.001" /><testcase classname="tests.infrastructure.terraform.test_root_contract" name="test_dev_poller_schedules_are_disabled[taf-enable_taf_poller_schedule]" time="0.002" /><testcase classname="tests.infrastructure.terraform.test_root_contract" name="test_expected_root_outputs_are_declared" time="0.041" /><testcase classname="tests.infrastructure.terraform.test_root_contract" name="test_expected_root_variables_are_declared" time="0.006" /><testcase classname="tests.infrastructure.terraform.test_root_contract" name="test_required_terraform_and_aws_provider_constraints" time="0.012" /><testcase classname="tests.infrastructure.terraform.test_root_contract" name="test_aws_provider_has_required_default_tags" time="0.002" /><testcase classname="tests.infrastructure.terraform.test_root_contract" name="test_root_module_uses_default_event_bus" time="0.002" /><testcase classname="tests.infrastructure.terraform.test_root_contract" name="test_terraform_does_not_contain_hardcoded_credentials" time="0.896" /><testcase classname="tests.infrastructure.terraform.test_terraform_cli" name="test_terraform_formatting" time="0.825" /><testcase classname="tests.infrastructure.terraform.test_terraform_cli" name="test_terraform_configuration_validates" time="5.762" /><testcase classname="tests.infrastructure.terraform.test_terraform_cli" name="test_terraform_version_meets_root_constraint" time="0.794" /></testsuite></testsuites>