<?xml version="1.0" encoding="utf-8"?><testsuites name="pytest tests"><testsuite name="pytest" errors="0" failures="0" skipped="0" tests="69" time="3.151" timestamp="2026-07-18T19:05:34.483104-07:00" hostname="DESKTOP-579PNVE"><testcase classname="tests.unit.aircraft.test_aircraft_current_state_writer" name="test_validate_clean_record_accepts_valid_record" time="1.725" /><testcase classname="tests.unit.aircraft.test_aircraft_current_state_writer" name="test_validate_clean_record_reports_required_contract_failures[change0-invalid_schema_version]" time="0.022" /><testcase classname="tests.unit.aircraft.test_aircraft_current_state_writer" name="test_validate_clean_record_reports_required_contract_failures[change1-missing_icao24]" time="0.028" /><testcase classname="tests.unit.aircraft.test_aircraft_current_state_writer" name="test_validate_clean_record_reports_required_contract_failures[change2-missing_last_contact_epoch]" time="0.020" /><testcase classname="tests.unit.aircraft.test_aircraft_current_state_writer" name="test_validate_clean_record_reports_required_contract_failures[change3-missing_latitude]" time="0.020" /><testcase classname="tests.unit.aircraft.test_aircraft_current_state_writer" name="test_validate_clean_record_reports_required_contract_failures[change4-missing_longitude]" time="0.066" /><testcase classname="tests.unit.aircraft.test_aircraft_current_state_writer" name="test_validate_clean_record_rejects_non_object" time="0.030" /><testcase classname="tests.unit.aircraft.test_aircraft_current_state_writer" name="test_convert_for_dynamodb_converts_nested_floats_and_removes_dict_none" time="0.017" /><testcase classname="tests.unit.aircraft.test_aircraft_current_state_writer" name="test_put_current_state_item_returns_written" time="0.008" /><testcase classname="tests.unit.aircraft.test_aircraft_current_state_writer" name="test_put_current_state_item_returns_skipped_stale_on_condition_failure" time="0.015" /><testcase classname="tests.unit.aircraft.test_aircraft_current_state_writer" name="test_put_current_state_item_reraises_unexpected_client_error" time="0.010" /><testcase classname="tests.unit.aircraft.test_aircraft_current_state_writer" name="test_handler_processes_written_and_stale_records" time="0.014" /><testcase classname="tests.unit.aircraft.test_aircraft_current_state_writer" name="test_handler_rejects_invalid_record_without_retrying" time="0.014" /><testcase classname="tests.unit.aircraft.test_aircraft_current_state_writer" name="test_handler_returns_item_failure_when_dynamodb_write_fails" time="0.014" /><testcase classname="tests.unit.aircraft.test_aircraft_raw_processor(1)" name="test_decode_kinesis_record" time="0.081" /><testcase classname="tests.unit.aircraft.test_aircraft_raw_processor(1)" name="test_validate_raw_event_envelope_accepts_expected_contract" time="0.012" /><testcase classname="tests.unit.aircraft.test_aircraft_raw_processor(1)" name="test_validate_raw_event_envelope_rejects_invalid_contract[not-an-object-expected0]" time="0.019" /><testcase classname="tests.unit.aircraft.test_aircraft_raw_processor(1)" name="test_validate_raw_event_envelope_rejects_invalid_contract[payload1-expected1]" time="0.016" /><testcase classname="tests.unit.aircraft.test_aircraft_raw_processor(1)" name="test_validate_raw_event_envelope_rejects_invalid_contract[payload2-expected2]" time="0.069" /><testcase classname="tests.unit.aircraft.test_aircraft_raw_processor(1)" name="test_validate_raw_event_envelope_rejects_invalid_contract[payload3-expected3]" time="0.010" /><testcase classname="tests.unit.aircraft.test_aircraft_raw_processor(1)" name="test_build_clean_kinesis_record_uses_icao24_partition_key" time="0.050" /><testcase classname="tests.unit.aircraft.test_aircraft_raw_processor(1)" name="test_archive_bad_records_skips_s3_when_empty" time="0.021" /><testcase classname="tests.unit.aircraft.test_aircraft_raw_processor(1)" name="test_archive_bad_records_writes_structured_batch" time="0.026" /><testcase classname="tests.unit.aircraft.test_aircraft_raw_processor(1)" name="test_publish_clean_records_reports_failed_source_sequences" time="0.018" /><testcase classname="tests.unit.aircraft.test_aircraft_raw_processor(1)" name="test_handler_processes_valid_record" time="0.019" /><testcase classname="tests.unit.aircraft.test_aircraft_raw_processor(1)" name="test_handler_archives_decode_failure_without_retry" time="0.020" /><testcase classname="tests.unit.aircraft.test_aircraft_raw_processor(1)" name="test_handler_returns_failed_clean_publish_sequences" time="0.025" /><testcase classname="tests.unit.aircraft.test_bad_records" name="test_build_bad_record_preserves_rejection_context" time="0.002" /><testcase classname="tests.unit.aircraft.test_monitoring" name="test_emit_metric_prints_valid_emf_payload" time="0.001" /><testcase classname="tests.unit.aircraft.test_opensky_mapper" name="test_unit_conversions[meters_to_feet-100.0-328.084]" time="0.004" /><testcase classname="tests.unit.aircraft.test_opensky_mapper" name="test_unit_conversions[mps_to_knots-100.0-194.38400000000001]" time="0.001" /><testcase classname="tests.unit.aircraft.test_opensky_mapper" name="test_unit_conversions[mps_to_fpm-5.0-984.2520000000001]" time="0.001" /><testcase classname="tests.unit.aircraft.test_opensky_mapper" name="test_unit_conversions_preserve_none[meters_to_feet]" time="0.001" /><testcase classname="tests.unit.aircraft.test_opensky_mapper" name="test_unit_conversions_preserve_none[mps_to_knots]" time="0.001" /><testcase classname="tests.unit.aircraft.test_opensky_mapper" name="test_unit_conversions_preserve_none[mps_to_fpm]" time="0.002" /><testcase classname="tests.unit.aircraft.test_opensky_mapper" name="test_clean_callsign[ UAL123  -UAL123]" time="0.002" /><testcase classname="tests.unit.aircraft.test_opensky_mapper" name="test_clean_callsign[-None]" time="0.003" /><testcase classname="tests.unit.aircraft.test_opensky_mapper" name="test_clean_callsign[   -None]" time="0.001" /><testcase classname="tests.unit.aircraft.test_opensky_mapper" name="test_clean_callsign[None-None]" time="0.001" /><testcase classname="tests.unit.aircraft.test_opensky_mapper" name="test_clean_callsign[123-123]" time="0.002" /><testcase classname="tests.unit.aircraft.test_opensky_mapper" name="test_vector_to_dict_maps_all_opensky_columns" time="0.001" /><testcase classname="tests.unit.aircraft.test_opensky_mapper" name="test_vector_to_dict_pads_short_vectors_with_none" time="0.001" /><testcase classname="tests.unit.aircraft.test_opensky_mapper" name="test_validate_rejects_non_list_state_vector" time="0.001" /><testcase classname="tests.unit.aircraft.test_opensky_mapper" name="test_validate_accepts_valid_state_vector" time="0.002" /><testcase classname="tests.unit.aircraft.test_opensky_mapper" name="test_validate_reports_short_vector_and_missing_required_fields" time="0.001" /><testcase classname="tests.unit.aircraft.test_opensky_mapper" name="test_validate_rejects_out_of_range_values[6-91.0-invalid_latitude_range]" time="0.002" /><testcase classname="tests.unit.aircraft.test_opensky_mapper" name="test_validate_rejects_out_of_range_values[5--181.0-invalid_longitude_range]" time="0.002" /><testcase classname="tests.unit.aircraft.test_opensky_mapper" name="test_validate_rejects_out_of_range_values[13-30000.0-unrealistic_geo_altitude]" time="0.006" /><testcase classname="tests.unit.aircraft.test_opensky_mapper" name="test_validate_rejects_out_of_range_values[7--600.0-unrealistic_baro_altitude]" time="0.003" /><testcase classname="tests.unit.aircraft.test_opensky_mapper" name="test_validate_rejects_out_of_range_values[9--1.0-unrealistic_velocity]" time="0.001" /><testcase classname="tests.unit.aircraft.test_opensky_mapper" name="test_validate_rejects_out_of_range_values[9-401.0-unrealistic_velocity]" time="0.004" /><testcase classname="tests.unit.aircraft.test_opensky_mapper" name="test_validate_rejects_out_of_range_values[10-361.0-unrealistic_true_track]" time="0.001" /><testcase classname="tests.unit.aircraft.test_opensky_mapper" name="test_validate_rejects_out_of_range_values[11-151.0-unrealistic_vertical_rate]" time="0.001" /><testcase classname="tests.unit.aircraft.test_opensky_mapper" name="test_validate_rejects_out_of_range_values[8-false-invalid_on_ground]" time="0.001" /><testcase classname="tests.unit.aircraft.test_opensky_mapper" name="test_validate_rejects_timestamps_that_are_too_old" time="0.001" /><testcase classname="tests.unit.aircraft.test_opensky_mapper" name="test_validate_rejects_timestamps_too_far_in_future" time="0.003" /><testcase classname="tests.unit.aircraft.test_opensky_mapper" name="test_map_raw_event_builds_canonical_current_state" time="0.002" /><testcase classname="tests.unit.aircraft.test_opensky_mapper" name="test_map_raw_event_returns_reasons_instead_of_partial_item" time="0.001" /><testcase classname="tests.unit.aircraft.test_opensky_mapper" name="test_epoch_to_iso_returns_none_for_unusable_values[None-None]" time="0.001" /><testcase classname="tests.unit.aircraft.test_opensky_mapper" name="test_epoch_to_iso_returns_none_for_unusable_values[not-a-timestamp-None]" time="0.002" /><testcase classname="tests.unit.aircraft.test_opensky_poller" name="test_get_secret_supports_both_key_formats[secret_payload0]" time="0.031" /><testcase classname="tests.unit.aircraft.test_opensky_poller" name="test_get_secret_supports_both_key_formats[secret_payload1]" time="0.023" /><testcase classname="tests.unit.aircraft.test_opensky_poller" name="test_get_secret_rejects_missing_credentials" time="0.048" /><testcase classname="tests.unit.aircraft.test_opensky_poller" name="test_get_access_token_uses_cached_unexpired_token" time="0.038" /><testcase classname="tests.unit.aircraft.test_opensky_poller" name="test_get_access_token_requests_and_caches_new_token" time="0.028" /><testcase classname="tests.unit.aircraft.test_opensky_poller" name="test_archive_raw_response_writes_expected_s3_object" time="0.029" /><testcase classname="tests.unit.aircraft.test_opensky_poller" name="test_publish_raw_records_builds_one_event_per_state" time="0.028" /><testcase classname="tests.unit.aircraft.test_opensky_poller" name="test_handler_success_returns_poll_summary" time="0.022" /><testcase classname="tests.unit.aircraft.test_opensky_poller" name="test_handler_failure_emits_failure_metric_and_reraises" time="0.018" /></testsuite></testsuites>