<?xml version="1.0" encoding="utf-8"?><testsuites name="pytest tests"><testsuite name="pytest" errors="0" failures="0" skipped="0" tests="64" time="5.432" timestamp="2026-07-20T18:36:17.818096-07:00" hostname="DESKTOP-579PNVE"><testcase classname="tests.unit.metar.test_metar_poller" name="test_fetch_noaa_metars_returns_json" time="2.268" /><testcase classname="tests.unit.metar.test_metar_poller" name="test_fetch_noaa_metars_rejects_non_200" time="0.040" /><testcase classname="tests.unit.metar.test_metar_poller" name="test_fetch_noaa_metars_wraps_url_error" time="0.027" /><testcase classname="tests.unit.metar.test_metar_poller" name="test_extract_records_supports_expected_shapes[body0-expected0]" time="0.025" /><testcase classname="tests.unit.metar.test_metar_poller" name="test_extract_records_supports_expected_shapes[body1-expected1]" time="0.026" /><testcase classname="tests.unit.metar.test_metar_poller" name="test_extract_records_supports_expected_shapes[body2-expected2]" time="0.030" /><testcase classname="tests.unit.metar.test_metar_poller" name="test_extract_records_supports_expected_shapes[body3-expected3]" time="0.034" /><testcase classname="tests.unit.metar.test_metar_poller" name="test_extract_records_supports_expected_shapes[body4-expected4]" time="0.034" /><testcase classname="tests.unit.metar.test_metar_poller" name="test_extract_records_supports_expected_shapes[bad-expected5]" time="0.027" /><testcase classname="tests.unit.metar.test_metar_poller" name="test_build_s3_key_normalizes_prefix" time="0.030" /><testcase classname="tests.unit.metar.test_metar_poller" name="test_archive_raw_response_writes_gzip" time="0.018" /><testcase classname="tests.unit.metar.test_metar_poller" name="test_derive_partition_key[properties0-KJFK]" time="0.070" /><testcase classname="tests.unit.metar.test_metar_poller" name="test_derive_partition_key[properties1-KSFO]" time="0.014" /><testcase classname="tests.unit.metar.test_metar_poller" name="test_derive_partition_key[properties2-KLAX]" time="0.028" /><testcase classname="tests.unit.metar.test_metar_poller" name="test_derive_partition_key[properties3-123]" time="0.014" /><testcase classname="tests.unit.metar.test_metar_poller" name="test_derive_partition_key[properties4-metar-7]" time="0.028" /><testcase classname="tests.unit.metar.test_metar_poller" name="test_derive_partition_key_fallback_for_non_object" time="0.018" /><testcase classname="tests.unit.metar.test_metar_poller" name="test_chunked_preserves_order" time="0.019" /><testcase classname="tests.unit.metar.test_metar_poller" name="test_publish_raw_records_builds_contract_and_counts" time="0.025" /><testcase classname="tests.unit.metar.test_metar_poller" name="test_publish_raw_records_batches_at_500" time="0.034" /><testcase classname="tests.unit.metar.test_metar_poller" name="test_lambda_handler_success" time="0.015" /><testcase classname="tests.unit.metar.test_metar_poller" name="test_lambda_handler_publish_failure_emits_failure_metric" time="0.029" /><testcase classname="tests.unit.metar.test_metar_processor" name="test_parse_time_accepts_supported_values[1752840000-expected0]" time="0.285" /><testcase classname="tests.unit.metar.test_metar_processor" name="test_parse_time_accepts_supported_values[2026-07-18T12:00:00Z-expected1]" time="0.030" /><testcase classname="tests.unit.metar.test_metar_processor" name="test_parse_time_accepts_supported_values[2026-07-18T12:00:00-expected2]" time="0.033" /><testcase classname="tests.unit.metar.test_metar_processor" name="test_parse_time_rejects_invalid_values[None-missing observation time]" time="0.061" /><testcase classname="tests.unit.metar.test_metar_processor" name="test_parse_time_rejects_invalid_values[-empty observation time]" time="0.036" /><testcase classname="tests.unit.metar.test_metar_processor" name="test_parse_time_rejects_invalid_values[bad-invalid observation time]" time="0.100" /><testcase classname="tests.unit.metar.test_metar_processor" name="test_parse_time_rejects_invalid_values[value3-unsupported observation time type]" time="0.028" /><testcase classname="tests.unit.metar.test_metar_processor" name="test_first_present_returns_first_non_empty" time="0.069" /><testcase classname="tests.unit.metar.test_metar_processor" name="test_to_decimal_converts_nested_floats_and_removes_none" time="0.025" /><testcase classname="tests.unit.metar.test_metar_processor" name="test_decode_kinesis_record" time="0.028" /><testcase classname="tests.unit.metar.test_metar_processor" name="test_decode_kinesis_record_rejects_invalid_json" time="0.027" /><testcase classname="tests.unit.metar.test_metar_processor" name="test_extract_feature_supports_direct_feature" time="0.025" /><testcase classname="tests.unit.metar.test_metar_processor" name="test_extract_feature_supports_wrappers[feature]" time="0.024" /><testcase classname="tests.unit.metar.test_metar_processor" name="test_extract_feature_supports_wrappers[metar]" time="0.092" /><testcase classname="tests.unit.metar.test_metar_processor" name="test_extract_feature_supports_wrappers[record]" time="0.104" /><testcase classname="tests.unit.metar.test_metar_processor" name="test_extract_feature_supports_wrappers[data]" time="0.035" /><testcase classname="tests.unit.metar.test_metar_processor" name="test_extract_feature_supports_properties_fallback" time="0.031" /><testcase classname="tests.unit.metar.test_metar_processor" name="test_extract_feature_rejects_unknown_payload" time="0.042" /><testcase classname="tests.unit.metar.test_metar_processor" name="test_normalize_clouds_filters_invalid_entries" time="0.031" /><testcase classname="tests.unit.metar.test_metar_processor" name="test_build_source_version_is_stable_and_content_sensitive" time="0.156" /><testcase classname="tests.unit.metar.test_metar_processor" name="test_normalize_feature_builds_latest_item" time="0.030" /><testcase classname="tests.unit.metar.test_metar_processor" name="test_normalize_feature_rejects_required_field_errors[feature0-missing properties]" time="0.028" /><testcase classname="tests.unit.metar.test_metar_processor" name="test_normalize_feature_rejects_required_field_errors[feature1-missing station id]" time="0.029" /><testcase classname="tests.unit.metar.test_metar_processor" name="test_normalize_feature_rejects_required_field_errors[feature2-missing observation time]" time="0.022" /><testcase classname="tests.unit.metar.test_metar_processor" name="test_classify_change[None-200-v1-NEW]" time="0.032" /><testcase classname="tests.unit.metar.test_metar_processor" name="test_classify_change[old_item1-200-v1-UPDATED]" time="0.027" /><testcase classname="tests.unit.metar.test_metar_processor" name="test_classify_change[old_item2-200-v1-STALE]" time="0.023" /><testcase classname="tests.unit.metar.test_metar_processor" name="test_classify_change[old_item3-200-v1-CORRECTED]" time="0.037" /><testcase classname="tests.unit.metar.test_metar_processor" name="test_classify_change[old_item4-200-v1-UNCHANGED]" time="0.029" /><testcase classname="tests.unit.metar.test_metar_processor" name="test_write_latest_skips_non_writable_changes[UNCHANGED]" time="0.024" /><testcase classname="tests.unit.metar.test_metar_processor" name="test_write_latest_skips_non_writable_changes[STALE]" time="0.019" /><testcase classname="tests.unit.metar.test_metar_processor" name="test_write_latest_puts_conditional_item" time="0.026" /><testcase classname="tests.unit.metar.test_metar_processor" name="test_write_latest_returns_false_for_condition_failure" time="0.029" /><testcase classname="tests.unit.metar.test_metar_processor" name="test_get_weather_changed_event_context_for_new_write" time="0.116" /><testcase classname="tests.unit.metar.test_metar_processor" name="test_get_weather_changed_event_context_retries_pending_event" time="0.032" /><testcase classname="tests.unit.metar.test_metar_processor" name="test_publish_weather_changed_event" time="0.026" /><testcase classname="tests.unit.metar.test_metar_processor" name="test_publish_weather_changed_event_raises_on_failed_entry" time="0.055" /><testcase classname="tests.unit.metar.test_metar_processor" name="test_mark_weather_changed_event_published" time="0.041" /><testcase classname="tests.unit.metar.test_metar_processor" name="test_archive_bad_record_writes_s3" time="0.040" /><testcase classname="tests.unit.metar.test_metar_processor" name="test_process_record_new_writes_and_publishes" time="0.056" /><testcase classname="tests.unit.metar.test_metar_processor" name="test_lambda_handler_handles_new_and_temporary_failure" time="0.039" /><testcase classname="tests.unit.metar.test_metar_processor" name="test_lambda_handler_archives_permanent_error_without_retry" time="0.023" /></testsuite></testsuites>