<?xml version="1.0" encoding="utf-8"?><testsuites name="pytest tests"><testsuite name="pytest" errors="0" failures="0" skipped="0" tests="97" time="7.299" timestamp="2026-07-20T18:19:41.323459-07:00" hostname="DESKTOP-579PNVE"><testcase classname="tests.unit.sigmet.test_sigmet_poller" name="test_fetch_noaa_sigmets_returns_decoded_json" time="1.560" /><testcase classname="tests.unit.sigmet.test_sigmet_poller" name="test_fetch_noaa_sigmets_rejects_non_200_status" time="0.032" /><testcase classname="tests.unit.sigmet.test_sigmet_poller" name="test_fetch_noaa_sigmets_wraps_url_error" time="0.027" /><testcase classname="tests.unit.sigmet.test_sigmet_poller" name="test_extract_records_supports_noaa_response_shapes[body0-expected0]" time="0.023" /><testcase classname="tests.unit.sigmet.test_sigmet_poller" name="test_extract_records_supports_noaa_response_shapes[body1-expected1]" time="0.025" /><testcase classname="tests.unit.sigmet.test_sigmet_poller" name="test_extract_records_supports_noaa_response_shapes[body2-expected2]" time="0.027" /><testcase classname="tests.unit.sigmet.test_sigmet_poller" name="test_extract_records_supports_noaa_response_shapes[body3-expected3]" time="0.017" /><testcase classname="tests.unit.sigmet.test_sigmet_poller" name="test_extract_records_supports_noaa_response_shapes[body4-expected4]" time="0.026" /><testcase classname="tests.unit.sigmet.test_sigmet_poller" name="test_extract_records_supports_noaa_response_shapes[not-a-container-expected5]" time="0.018" /><testcase classname="tests.unit.sigmet.test_sigmet_poller" name="test_build_s3_key_normalizes_trailing_slash" time="0.030" /><testcase classname="tests.unit.sigmet.test_sigmet_poller" name="test_archive_raw_response_writes_gzipped_json" time="0.023" /><testcase classname="tests.unit.sigmet.test_sigmet_poller" name="test_derive_partition_key_uses_first_available_identity[properties0-id-1]" time="0.082" /><testcase classname="tests.unit.sigmet.test_sigmet_poller" name="test_derive_partition_key_uses_first_available_identity[properties1-air-2]" time="0.024" /><testcase classname="tests.unit.sigmet.test_sigmet_poller" name="test_derive_partition_key_uses_first_available_identity[properties2-ICE]" time="0.053" /><testcase classname="tests.unit.sigmet.test_sigmet_poller" name="test_derive_partition_key_uses_first_available_identity[properties3-RAW TEXT]" time="0.018" /><testcase classname="tests.unit.sigmet.test_sigmet_poller" name="test_derive_partition_key_uses_first_available_identity[properties4-12345]" time="0.028" /><testcase classname="tests.unit.sigmet.test_sigmet_poller" name="test_derive_partition_key_uses_first_available_identity[properties5-sigmet-7]" time="0.017" /><testcase classname="tests.unit.sigmet.test_sigmet_poller" name="test_derive_partition_key_falls_back_for_non_object" time="0.019" /><testcase classname="tests.unit.sigmet.test_sigmet_poller" name="test_chunked_preserves_order" time="0.019" /><testcase classname="tests.unit.sigmet.test_sigmet_poller" name="test_publish_raw_records_builds_expected_event_and_counts" time="0.021" /><testcase classname="tests.unit.sigmet.test_sigmet_poller" name="test_publish_raw_records_batches_at_500" time="0.022" /><testcase classname="tests.unit.sigmet.test_sigmet_poller" name="test_lambda_handler_success" time="0.029" /><testcase classname="tests.unit.sigmet.test_sigmet_poller" name="test_lambda_handler_failed_publish_emits_failure_metric" time="0.021" /><testcase classname="tests.unit.sigmet.test_sigmet_poller" name="test_lambda_handler_fetch_failure_records_archive_failure" time="0.028" /><testcase classname="tests.unit.sigmet.test_sigmet_processor_geometry" name="test_normalize_ring_converts_lon_lat_to_lat_lon" time="0.359" /><testcase classname="tests.unit.sigmet.test_sigmet_processor_geometry" name="test_polygon_to_h3_cells_builds_latlng_polygon" time="0.046" /><testcase classname="tests.unit.sigmet.test_sigmet_processor_geometry" name="test_polygon_to_h3_cells_rejects_invalid_outer_ring[None]" time="0.034" /><testcase classname="tests.unit.sigmet.test_sigmet_processor_geometry" name="test_polygon_to_h3_cells_rejects_invalid_outer_ring[coordinates1]" time="0.120" /><testcase classname="tests.unit.sigmet.test_sigmet_processor_geometry" name="test_polygon_to_h3_cells_rejects_invalid_outer_ring[coordinates2]" time="0.024" /><testcase classname="tests.unit.sigmet.test_sigmet_processor_geometry" name="test_polygon_to_h3_cells_rejects_invalid_outer_ring[coordinates3]" time="0.030" /><testcase classname="tests.unit.sigmet.test_sigmet_processor_geometry" name="test_polygon_to_h3_cells_wraps_h3_error" time="0.037" /><testcase classname="tests.unit.sigmet.test_sigmet_processor_geometry" name="test_polygon_centroid_cell_averages_coordinates" time="0.027" /><testcase classname="tests.unit.sigmet.test_sigmet_processor_geometry" name="test_geometry_to_h3_cells_polygon_uses_centroid_fallback" time="0.046" /><testcase classname="tests.unit.sigmet.test_sigmet_processor_geometry" name="test_geometry_to_h3_cells_merges_multipolygon_cells" time="0.035" /><testcase classname="tests.unit.sigmet.test_sigmet_processor_geometry" name="test_geometry_to_h3_cells_rejects_unsupported_geometry[None-Geometry is missing or invalid]" time="0.028" /><testcase classname="tests.unit.sigmet.test_sigmet_processor_geometry" name="test_geometry_to_h3_cells_rejects_unsupported_geometry[geometry1-Unsupported geometry]" time="0.034" /><testcase classname="tests.unit.sigmet.test_sigmet_processor_geometry" name="test_geometry_to_h3_cells_rejects_unsupported_geometry[geometry2-MultiPolygon coordinates are missing or invalid]" time="0.051" /><testcase classname="tests.unit.sigmet.test_sigmet_processor_handler" name="test_write_bad_record_writes_expected_payload" time="0.027" /><testcase classname="tests.unit.sigmet.test_sigmet_processor_handler" name="test_write_bad_record_keeps_raw_base64_when_decode_failed" time="0.038" /><testcase classname="tests.unit.sigmet.test_sigmet_processor_handler" name="test_write_bad_record_requires_bucket" time="0.024" /><testcase classname="tests.unit.sigmet.test_sigmet_processor_handler" name="test_lambda_handler_success_aggregates_processor_metrics" time="0.134" /><testcase classname="tests.unit.sigmet.test_sigmet_processor_handler" name="test_lambda_handler_quarantines_permanent_error_without_retry" time="0.061" /><testcase classname="tests.unit.sigmet.test_sigmet_processor_handler" name="test_lambda_handler_retries_when_quarantine_write_fails" time="0.052" /><testcase classname="tests.unit.sigmet.test_sigmet_processor_handler" name="test_lambda_handler_retries_temporary_runtime_failure" time="0.049" /><testcase classname="tests.unit.sigmet.test_sigmet_processor_handler" name="test_lambda_handler_retries_boto_client_error" time="0.038" /><testcase classname="tests.unit.sigmet.test_sigmet_processor_handler" name="test_lambda_handler_decode_failure_is_quarantined" time="0.051" /><testcase classname="tests.unit.sigmet.test_sigmet_processor_state" name="test_build_active_hazard_item" time="0.044" /><testcase classname="tests.unit.sigmet.test_sigmet_processor_state" name="test_build_active_hazard_item_marks_expired" time="0.063" /><testcase classname="tests.unit.sigmet.test_sigmet_processor_state" name="test_determine_change_type[None-v1-expected0]" time="0.035" /><testcase classname="tests.unit.sigmet.test_sigmet_processor_state" name="test_determine_change_type[existing1-v1-expected1]" time="0.042" /><testcase classname="tests.unit.sigmet.test_sigmet_processor_state" name="test_determine_change_type[existing2-v1-expected2]" time="0.025" /><testcase classname="tests.unit.sigmet.test_sigmet_processor_state" name="test_determine_change_type[existing3-v1-expected3]" time="0.029" /><testcase classname="tests.unit.sigmet.test_sigmet_processor_state" name="test_determine_change_type[existing4-v1-expected4]" time="0.147" /><testcase classname="tests.unit.sigmet.test_sigmet_processor_state" name="test_get_existing_hazard_returns_item_or_none" time="0.024" /><testcase classname="tests.unit.sigmet.test_sigmet_processor_state" name="test_sync_hazard_cells_puts_new_and_deletes_removed" time="0.033" /><testcase classname="tests.unit.sigmet.test_sigmet_processor_state" name="test_publish_weather_changed_sends_expected_event" time="0.036" /><testcase classname="tests.unit.sigmet.test_sigmet_processor_state" name="test_publish_weather_changed_raises_on_failed_entry" time="0.026" /><testcase classname="tests.unit.sigmet.test_sigmet_processor_state" name="test_process_decoded_record_new_hazard" time="0.036" /><testcase classname="tests.unit.sigmet.test_sigmet_processor_state" name="test_process_decoded_record_unchanged_updates_last_seen_only" time="0.029" /><testcase classname="tests.unit.sigmet.test_sigmet_processor_utils" name="test_parse_time_supports_expected_formats[1752840000-expected0]" time="0.032" /><testcase classname="tests.unit.sigmet.test_sigmet_processor_utils" name="test_parse_time_supports_expected_formats[1752840000000-expected1]" time="0.029" /><testcase classname="tests.unit.sigmet.test_sigmet_processor_utils" name="test_parse_time_supports_expected_formats[1752840000-expected2]" time="0.024" /><testcase classname="tests.unit.sigmet.test_sigmet_processor_utils" name="test_parse_time_supports_expected_formats[2026-07-18T12:00:00Z-expected3]" time="0.054" /><testcase classname="tests.unit.sigmet.test_sigmet_processor_utils" name="test_parse_time_supports_expected_formats[2026-07-18T12:00:00-expected4]" time="0.046" /><testcase classname="tests.unit.sigmet.test_sigmet_processor_utils" name="test_parse_time_supports_expected_formats[None-None]" time="0.168" /><testcase classname="tests.unit.sigmet.test_sigmet_processor_utils" name="test_parse_time_supports_expected_formats[-None]" time="0.222" /><testcase classname="tests.unit.sigmet.test_sigmet_processor_utils" name="test_parse_time_supports_expected_formats[not-a-time-None]" time="0.047" /><testcase classname="tests.unit.sigmet.test_sigmet_processor_utils" name="test_parse_time_supports_expected_formats[value8-None]" time="0.032" /><testcase classname="tests.unit.sigmet.test_sigmet_processor_utils" name="test_stable_hash_is_deterministic_for_key_order" time="0.041" /><testcase classname="tests.unit.sigmet.test_sigmet_processor_utils" name="test_clean_string[  ABC  -ABC]" time="0.038" /><testcase classname="tests.unit.sigmet.test_sigmet_processor_utils" name="test_clean_string[   -None]" time="0.040" /><testcase classname="tests.unit.sigmet.test_sigmet_processor_utils" name="test_clean_string[None-None]" time="0.044" /><testcase classname="tests.unit.sigmet.test_sigmet_processor_utils" name="test_clean_string[123-123]" time="0.040" /><testcase classname="tests.unit.sigmet.test_sigmet_processor_utils" name="test_clean_string[value4-{&quot;a&quot;:1,&quot;b&quot;:2}]" time="0.026" /><testcase classname="tests.unit.sigmet.test_sigmet_processor_utils" name="test_canonical_time_or_string_normalizes_time" time="0.044" /><testcase classname="tests.unit.sigmet.test_sigmet_processor_utils" name="test_get_first_property_returns_first_non_blank" time="0.030" /><testcase classname="tests.unit.sigmet.test_sigmet_processor_utils" name="test_decode_kinesis_record_returns_object" time="0.073" /><testcase classname="tests.unit.sigmet.test_sigmet_processor_utils" name="test_decode_kinesis_record_rejects_permanent_errors[record0-missing kinesis.data]" time="0.058" /><testcase classname="tests.unit.sigmet.test_sigmet_processor_utils" name="test_decode_kinesis_record_rejects_permanent_errors[record1-not valid base64 UTF-8]" time="0.170" /><testcase classname="tests.unit.sigmet.test_sigmet_processor_utils" name="test_decode_kinesis_record_rejects_permanent_errors[record2-not valid JSON]" time="0.041" /><testcase classname="tests.unit.sigmet.test_sigmet_processor_utils" name="test_decode_kinesis_record_rejects_permanent_errors[record3-not a JSON object]" time="0.062" /><testcase classname="tests.unit.sigmet.test_sigmet_processor_utils" name="test_extract_feature_and_properties" time="0.058" /><testcase classname="tests.unit.sigmet.test_sigmet_processor_utils" name="test_extract_feature_rejects_invalid_payload[raw_event0-valid GeoJSON feature]" time="0.047" /><testcase classname="tests.unit.sigmet.test_sigmet_processor_utils" name="test_extract_feature_rejects_invalid_payload[raw_event1-valid GeoJSON feature]" time="0.059" /><testcase classname="tests.unit.sigmet.test_sigmet_processor_utils" name="test_extract_feature_rejects_invalid_payload[raw_event2-not a GeoJSON Feature]" time="0.057" /><testcase classname="tests.unit.sigmet.test_sigmet_processor_utils" name="test_extract_properties_returns_empty_object_for_non_object" time="0.062" /><testcase classname="tests.unit.sigmet.test_sigmet_processor_utils" name="test_extract_source_identity_normalizes_fields" time="0.042" /><testcase classname="tests.unit.sigmet.test_sigmet_processor_utils" name="test_extract_source_identity_requires_usable_field" time="0.031" /><testcase classname="tests.unit.sigmet.test_sigmet_processor_utils" name="test_build_hazard_id_is_stable_and_identity_sensitive" time="0.024" /><testcase classname="tests.unit.sigmet.test_sigmet_processor_utils" name="test_build_source_version_is_content_sensitive" time="0.035" /><testcase classname="tests.unit.sigmet.test_sigmet_processor_utils" name="test_get_hazard_type[properties0-SEVERE_TURBULENCE]" time="0.217" /><testcase classname="tests.unit.sigmet.test_sigmet_processor_utils" name="test_get_hazard_type[properties1-CONVECTIVE]" time="0.178" /><testcase classname="tests.unit.sigmet.test_sigmet_processor_utils" name="test_get_hazard_type[properties2-TURB]" time="0.070" /><testcase classname="tests.unit.sigmet.test_sigmet_processor_utils" name="test_get_hazard_type[properties3-VOLCANIC]" time="0.048" /><testcase classname="tests.unit.sigmet.test_sigmet_processor_utils" name="test_get_hazard_type[properties4-UNKNOWN]" time="0.101" /><testcase classname="tests.unit.sigmet.test_sigmet_processor_utils" name="test_build_raw_s3_uri" time="0.067" /><testcase classname="tests.unit.sigmet.test_sigmet_processor_utils" name="test_ttl_from_valid_to_adds_six_hours" time="0.070" /></testsuite></testsuites>