<?xml version="1.0" encoding="utf-8"?><testsuites name="pytest tests"><testsuite name="pytest" errors="0" failures="0" skipped="0" tests="88" time="6.088" timestamp="2026-07-20T18:32:48.436335-07:00" hostname="DESKTOP-579PNVE"><testcase classname="tests.unit.taf.test_taf_poller" name="test_get_station_ids_normalizes_sorts_and_deduplicates" time="2.101" /><testcase classname="tests.unit.taf.test_taf_poller" name="test_get_station_ids_rejects_empty_configuration" time="0.024" /><testcase classname="tests.unit.taf.test_taf_poller" name="test_chunked_preserves_order" time="0.030" /><testcase classname="tests.unit.taf.test_taf_poller" name="test_fetch_taf_records_builds_chunked_requests" time="0.017" /><testcase classname="tests.unit.taf.test_taf_poller" name="test_fetch_taf_records_skips_204" time="0.028" /><testcase classname="tests.unit.taf.test_taf_poller" name="test_fetch_taf_records_skips_http_204" time="0.033" /><testcase classname="tests.unit.taf.test_taf_poller" name="test_fetch_taf_records_rejects_invalid_json" time="0.075" /><testcase classname="tests.unit.taf.test_taf_poller" name="test_fetch_taf_records_rejects_unexpected_shape" time="0.013" /><testcase classname="tests.unit.taf.test_taf_poller" name="test_build_s3_key" time="0.021" /><testcase classname="tests.unit.taf.test_taf_poller" name="test_archive_raw_response_writes_gzip" time="0.019" /><testcase classname="tests.unit.taf.test_taf_poller" name="test_derive_partition_key[record0-KJFK]" time="0.024" /><testcase classname="tests.unit.taf.test_taf_poller" name="test_derive_partition_key[record1-KSFO]" time="0.028" /><testcase classname="tests.unit.taf.test_taf_poller" name="test_derive_partition_key[record2-KLAX]" time="0.015" /><testcase classname="tests.unit.taf.test_taf_poller" name="test_derive_partition_key[record3-123]" time="0.016" /><testcase classname="tests.unit.taf.test_taf_poller" name="test_derive_partition_key[record4-taf-4]" time="0.017" /><testcase classname="tests.unit.taf.test_taf_poller" name="test_publish_raw_records_builds_contract_and_counts" time="0.023" /><testcase classname="tests.unit.taf.test_taf_poller" name="test_publish_raw_records_batches_at_500" time="0.034" /><testcase classname="tests.unit.taf.test_taf_poller" name="test_lambda_handler_success" time="0.018" /><testcase classname="tests.unit.taf.test_taf_poller" name="test_lambda_handler_publish_failure_emits_failure_metric" time="0.033" /><testcase classname="tests.unit.taf.test_taf_processor" name="test_clean_string[  TEST  -TEST]" time="0.317" /><testcase classname="tests.unit.taf.test_taf_processor" name="test_clean_string[-None]" time="0.061" /><testcase classname="tests.unit.taf.test_taf_processor" name="test_clean_string[None-None]" time="0.035" /><testcase classname="tests.unit.taf.test_taf_processor" name="test_clean_string[123-123]" time="0.027" /><testcase classname="tests.unit.taf.test_taf_processor" name="test_clean_string[value4-{&quot;a&quot;: 1, &quot;b&quot;: 2}]" time="0.116" /><testcase classname="tests.unit.taf.test_taf_processor" name="test_parse_time[1752840000-expected0]" time="0.029" /><testcase classname="tests.unit.taf.test_taf_processor" name="test_parse_time[1752840000000-expected1]" time="0.055" /><testcase classname="tests.unit.taf.test_taf_processor" name="test_parse_time[1752840000-expected2]" time="0.044" /><testcase classname="tests.unit.taf.test_taf_processor" name="test_parse_time[2026-07-18T12:00:00Z-expected3]" time="0.037" /><testcase classname="tests.unit.taf.test_taf_processor" name="test_parse_time[None-None]" time="0.034" /><testcase classname="tests.unit.taf.test_taf_processor" name="test_parse_time[bad-None]" time="0.034" /><testcase classname="tests.unit.taf.test_taf_processor" name="test_parse_time[value6-None]" time="0.021" /><testcase classname="tests.unit.taf.test_taf_processor" name="test_require_time_rejects_invalid" time="0.028" /><testcase classname="tests.unit.taf.test_taf_processor" name="test_normalize_number[12-12]" time="0.020" /><testcase classname="tests.unit.taf.test_taf_processor" name="test_normalize_number[12.5-12.5]" time="0.030" /><testcase classname="tests.unit.taf.test_taf_processor" name="test_normalize_number[value2-10]" time="0.041" /><testcase classname="tests.unit.taf.test_taf_processor" name="test_normalize_number[ 7 -7]" time="0.017" /><testcase classname="tests.unit.taf.test_taf_processor" name="test_normalize_number[7.5-7.5]" time="0.026" /><testcase classname="tests.unit.taf.test_taf_processor" name="test_normalize_number[bad-None]" time="0.114" /><testcase classname="tests.unit.taf.test_taf_processor" name="test_normalize_number[True-None]" time="0.032" /><testcase classname="tests.unit.taf.test_taf_processor" name="test_normalize_number[None-None]" time="0.039" /><testcase classname="tests.unit.taf.test_taf_processor" name="test_normalize_bool[True-True]" time="0.025" /><testcase classname="tests.unit.taf.test_taf_processor" name="test_normalize_bool[yes-True]" time="0.052" /><testcase classname="tests.unit.taf.test_taf_processor" name="test_normalize_bool[0-False0]" time="0.029" /><testcase classname="tests.unit.taf.test_taf_processor" name="test_normalize_bool[1-True]" time="0.028" /><testcase classname="tests.unit.taf.test_taf_processor" name="test_normalize_bool[0-False1]" time="0.028" /><testcase classname="tests.unit.taf.test_taf_processor" name="test_normalize_bool[bad-None]" time="0.038" /><testcase classname="tests.unit.taf.test_taf_processor" name="test_normalize_visibility[10-expected0]" time="0.031" /><testcase classname="tests.unit.taf.test_taf_processor" name="test_normalize_visibility[6+-expected1]" time="0.030" /><testcase classname="tests.unit.taf.test_taf_processor" name="test_normalize_visibility[P6SM-expected2]" time="0.020" /><testcase classname="tests.unit.taf.test_taf_processor" name="test_normalize_visibility[None-expected3]" time="0.035" /><testcase classname="tests.unit.taf.test_taf_processor" name="test_normalize_wind_direction" time="0.039" /><testcase classname="tests.unit.taf.test_taf_processor" name="test_normalize_clouds_returns_ceiling" time="0.135" /><testcase classname="tests.unit.taf.test_taf_processor" name="test_decode_kinesis_record" time="0.024" /><testcase classname="tests.unit.taf.test_taf_processor" name="test_decode_kinesis_record_rejects_bad_records[record0-missing kinesis.data]" time="0.024" /><testcase classname="tests.unit.taf.test_taf_processor" name="test_decode_kinesis_record_rejects_bad_records[record1-not valid base64 UTF-8]" time="0.032" /><testcase classname="tests.unit.taf.test_taf_processor" name="test_decode_kinesis_record_rejects_bad_records[record2-not valid JSON]" time="0.024" /><testcase classname="tests.unit.taf.test_taf_processor" name="test_decode_kinesis_record_rejects_bad_records[record3-not a JSON object]" time="0.028" /><testcase classname="tests.unit.taf.test_taf_processor" name="test_extract_taf" time="0.030" /><testcase classname="tests.unit.taf.test_taf_processor" name="test_extract_taf_rejects_missing_object" time="0.033" /><testcase classname="tests.unit.taf.test_taf_processor" name="test_normalize_period" time="0.023" /><testcase classname="tests.unit.taf.test_taf_processor" name="test_normalize_period_rejects_reversed_range" time="0.031" /><testcase classname="tests.unit.taf.test_taf_processor" name="test_stable_hash_is_deterministic" time="0.026" /><testcase classname="tests.unit.taf.test_taf_processor" name="test_normalize_taf_builds_latest_state" time="0.026" /><testcase classname="tests.unit.taf.test_taf_processor" name="test_normalize_taf_rejects_required_contract_errors[change0-missing icaoId]" time="0.030" /><testcase classname="tests.unit.taf.test_taf_processor" name="test_normalize_taf_rejects_required_contract_errors[change1-issueTime is missing or invalid]" time="0.118" /><testcase classname="tests.unit.taf.test_taf_processor" name="test_normalize_taf_rejects_required_contract_errors[change2-must be before]" time="0.024" /><testcase classname="tests.unit.taf.test_taf_processor" name="test_normalize_taf_rejects_required_contract_errors[change3-missing rawTAF]" time="0.025" /><testcase classname="tests.unit.taf.test_taf_processor" name="test_normalize_taf_rejects_required_contract_errors[change4-non-empty list]" time="0.031" /><testcase classname="tests.unit.taf.test_taf_processor" name="test_normalize_taf_rejects_required_contract_errors[change5-non-object period]" time="0.051" /><testcase classname="tests.unit.taf.test_taf_processor" name="test_to_dynamodb_converts_nested_floats" time="0.020" /><testcase classname="tests.unit.taf.test_taf_processor" name="test_classify_change[None-incoming0-NEW]" time="0.028" /><testcase classname="tests.unit.taf.test_taf_processor" name="test_classify_change[existing1-incoming1-UNCHANGED]" time="0.025" /><testcase classname="tests.unit.taf.test_taf_processor" name="test_classify_change[existing2-incoming2-UPDATED]" time="0.031" /><testcase classname="tests.unit.taf.test_taf_processor" name="test_classify_change[existing3-incoming3-CORRECTED]" time="0.037" /><testcase classname="tests.unit.taf.test_taf_processor" name="test_classify_change[existing4-incoming4-STALE]" time="0.024" /><testcase classname="tests.unit.taf.test_taf_processor" name="test_put_latest_writes_conditional_item" time="0.031" /><testcase classname="tests.unit.taf.test_taf_processor" name="test_put_latest_returns_false_on_condition_failure" time="0.041" /><testcase classname="tests.unit.taf.test_taf_processor" name="test_publish_weather_changed" time="0.032" /><testcase classname="tests.unit.taf.test_taf_processor" name="test_publish_weather_changed_raises_on_failed_entry" time="0.126" /><testcase classname="tests.unit.taf.test_taf_processor" name="test_publish_if_needed" time="0.022" /><testcase classname="tests.unit.taf.test_taf_processor" name="test_process_record_new_writes_and_publishes" time="0.028" /><testcase classname="tests.unit.taf.test_taf_processor" name="test_process_record_unchanged_retries_pending_event" time="0.032" /><testcase classname="tests.unit.taf.test_taf_processor" name="test_archive_bad_record_writes_s3" time="0.036" /><testcase classname="tests.unit.taf.test_taf_processor" name="test_record_identifier_prefers_sequence_then_event_id" time="0.037" /><testcase classname="tests.unit.taf.test_taf_processor" name="test_lambda_handler_aggregates_statuses" time="0.023" /><testcase classname="tests.unit.taf.test_taf_processor" name="test_lambda_handler_archives_permanent_error_without_retry" time="0.033" /><testcase classname="tests.unit.taf.test_taf_processor" name="test_lambda_handler_retries_archive_failure" time="0.025" /><testcase classname="tests.unit.taf.test_taf_processor" name="test_lambda_handler_retries_temporary_failure" time="0.035" /></testsuite></testsuites>