<?xml version="1.0" encoding="utf-8"?><testsuites name="pytest tests"><testsuite name="pytest" errors="0" failures="0" skipped="0" tests="2" time="11.734" timestamp="2026-07-21T18:30:46.423855-07:00" hostname="DESKTOP-579PNVE"><testcase classname="tests.integration.aircraft.test_aircraft_pipeline" name="test_raw_stream_reaches_current_state_and_rejects_stale_state" time="10.753" /><testcase classname="tests.integration.aircraft.test_aircraft_pipeline" name="test_invalid_raw_aircraft_record_is_archived" time="0.863" /></testsuite></testsuites>