<?xml version="1.0" encoding="utf-8"?><testsuites name="pytest tests"><testsuite name="pytest" errors="0" failures="0" skipped="0" tests="8" time="53.277" timestamp="2026-07-21T18:33:52.854186-07:00" hostname="DESKTOP-579PNVE"><testcase classname="tests.integration.aircraft.test_aircraft_pipeline" name="test_raw_stream_reaches_current_state_and_rejects_stale_state" time="10.230" /><testcase classname="tests.integration.aircraft.test_aircraft_pipeline" name="test_invalid_raw_aircraft_record_is_archived" time="0.916" /><testcase classname="tests.integration.metar.test_metar_pipeline" name="test_raw_stream_updates_latest_state_emits_event_and_is_idempotent" time="13.248" /><testcase classname="tests.integration.metar.test_metar_pipeline" name="test_invalid_metar_record_is_archived" time="0.694" /><testcase classname="tests.integration.sigmet.test_sigmet_pipeline" name="test_raw_stream_updates_hazard_indexes_emits_event_and_is_idempotent" time="13.599" /><testcase classname="tests.integration.sigmet.test_sigmet_pipeline" name="test_invalid_sigmet_record_is_archived" time="0.536" /><testcase classname="tests.integration.taf.test_taf_pipeline" name="test_raw_stream_updates_latest_state_emits_event_and_is_idempotent" time="13.209" /><testcase classname="tests.integration.taf.test_taf_pipeline" name="test_invalid_taf_record_is_archived" time="0.642" /></testsuite></testsuites>