<?xml version="1.0" encoding="utf-8"?><testsuites name="pytest tests"><testsuite name="pytest" errors="0" failures="0" skipped="0" tests="2" time="20.090" timestamp="2026-07-21T18:32:12.149956-07:00" hostname="DESKTOP-579PNVE"><testcase classname="tests.integration.metar.test_metar_pipeline" name="test_raw_stream_updates_latest_state_emits_event_and_is_idempotent" time="19.136" /><testcase classname="tests.integration.metar.test_metar_pipeline" name="test_invalid_metar_record_is_archived" time="0.751" /></testsuite></testsuites>