<?xml version="1.0" encoding="utf-8"?><testsuites name="pytest tests"><testsuite name="pytest" errors="0" failures="0" skipped="0" tests="2" time="23.427" timestamp="2026-07-21T18:31:24.862109-07:00" hostname="DESKTOP-579PNVE"><testcase classname="tests.integration.sigmet.test_sigmet_pipeline" name="test_raw_stream_updates_hazard_indexes_emits_event_and_is_idempotent" time="21.957" /><testcase classname="tests.integration.sigmet.test_sigmet_pipeline" name="test_invalid_sigmet_record_is_archived" time="1.233" /></testsuite></testsuites>