<?xml version="1.0" encoding="utf-8"?><testsuites name="pytest tests"><testsuite name="pytest" errors="0" failures="0" skipped="0" tests="2" time="22.112" timestamp="2026-07-21T18:33:06.867692-07:00" hostname="DESKTOP-579PNVE"><testcase classname="tests.integration.taf.test_taf_pipeline" name="test_raw_stream_updates_latest_state_emits_event_and_is_idempotent" time="21.200" /><testcase classname="tests.integration.taf.test_taf_pipeline" name="test_invalid_taf_record_is_archived" time="0.699" /></testsuite></testsuites>